[debug] [2020-03-20T07:18:38.540Z] ----------------------------------------------------------------------
[debug] [2020-03-20T07:18:38.542Z] Command:       C:\Program Files\nodejs\node.exe C:\Users\tdmam\AppData\Roaming\npm\node_modules\firebase-tools\lib\bin\firebase.js deploy
[debug] [2020-03-20T07:18:38.543Z] CLI Version:   7.15.1
[debug] [2020-03-20T07:18:38.543Z] Platform:      win32
[debug] [2020-03-20T07:18:38.543Z] Node Version:  v10.16.3
[debug] [2020-03-20T07:18:38.544Z] Time:          Fri Mar 20 2020 02:18:38 GMT-0500 (Central Daylight Time)
[debug] [2020-03-20T07:18:38.544Z] ----------------------------------------------------------------------
[debug] [2020-03-20T07:18:38.544Z] 
[debug] [2020-03-20T07:18:38.552Z] > command requires scopes: ["email","openid","https://www.googleapis.com/auth/cloudplatformprojects.readonly","https://www.googleapis.com/auth/firebase","https://www.googleapis.com/auth/cloud-platform"]
[debug] [2020-03-20T07:18:38.552Z] > authorizing via signed-in user
[debug] [2020-03-20T07:18:38.552Z] [iam] checking project refinder-exchange for permissions ["cloudfunctions.functions.create","cloudfunctions.functions.delete","cloudfunctions.functions.get","cloudfunctions.functions.list","cloudfunctions.functions.update","cloudfunctions.operations.get","firebase.projects.get","firebasehosting.sites.update"]
[debug] [2020-03-20T07:18:38.554Z] >>> HTTP REQUEST POST https://cloudresourcemanager.googleapis.com/v1/projects/refinder-exchange:testIamPermissions  

[debug] [2020-03-20T07:18:38.900Z] <<< HTTP RESPONSE 200
[debug] [2020-03-20T07:18:38.909Z] >>> HTTP REQUEST GET https://firebase.googleapis.com/v1beta1/projects/refinder-exchange  
 
[debug] [2020-03-20T07:18:39.199Z] <<< HTTP RESPONSE 200
[info] 
[info] === Deploying to 'refinder-exchange'...
[info] 
[info] i  deploying functions, hosting
[debug] [2020-03-20T07:18:41.406Z] > [functions] package.json contents: {
  "name": "functions",
  "description": "Cloud Functions for Firebase",
  "scripts": {
    "serve": "firebase emulators:start --only functions",
    "shell": "firebase functions:shell",
    "start": "npm run shell",
    "deploy": "firebase deploy --only functions",
    "logs": "firebase functions:log"
  },
  "engines": {
    "node": "8"
  },
  "dependencies": {
    "firebase-admin": "^8.6.0",
    "firebase-functions": "^3.3.0"
  },
  "devDependencies": {
    "firebase-functions-test": "^0.1.6"
  },
  "private": true
}
[info] i  functions: ensuring necessary APIs are enabled...
[debug] [2020-03-20T07:18:41.408Z] >>> HTTP REQUEST GET https://serviceusage.googleapis.com/v1/projects/refinder-exchange/services/cloudfunctions.googleapis.com  
 
[debug] [2020-03-20T07:18:41.408Z] >>> HTTP REQUEST GET https://serviceusage.googleapis.com/v1/projects/refinder-exchange/services/runtimeconfig.googleapis.com  
 
[debug] [2020-03-20T07:18:41.753Z] <<< HTTP RESPONSE 200
[debug] [2020-03-20T07:18:41.791Z] <<< HTTP RESPONSE 200
[info] +  functions: all necessary APIs are enabled
[debug] [2020-03-20T07:18:41.796Z] >>> HTTP REQUEST GET https://firebase.googleapis.com/v1beta1/projects/refinder-exchange/adminSdkConfig  
 
[debug] [2020-03-20T07:18:42.004Z] <<< HTTP RESPONSE 200
[debug] [2020-03-20T07:18:42.006Z] >>> HTTP REQUEST POST https://firebasehosting.googleapis.com/v1beta1/sites/refinder-exchange/versions  

[debug] [2020-03-20T07:18:42.519Z] <<< HTTP RESPONSE 200
[info] i  functions: preparing functions directory for uploading...
[debug] [2020-03-20T07:18:42.528Z] >>> HTTP REQUEST GET https://runtimeconfig.googleapis.com/v1beta1/projects/refinder-exchange/configs  
 
